[   .000] nitialzi coup subsy cus
[    .000000] Initializing cgroup subsys cpu
[    0.000000] Initializing cgroup subsys cpuacct
[    0.00000Liux eron.4.0-8-neic uiddcy01-ad600 (gcceron5.40 1609 (Ubun 5.4.0-6ubuntu1~16.04.10) ) #164-Ubuntu SMP Tue Oct 2 17:162 UTC 01(Untu 4.4.0-138.164-generic 4.4.155)
[    0.000000] Commandlie:BOOT_IMAG=/oo/vmlinu-44.13generic rotABL=loudmgrofsro conoltt1 cso=tyS0   0000000KEELsupptecps:
[    00000]   Intel GenuineIntel
[   .0000  MD AthtiMD
[  00000]  Centaur CentaurHauls
[    0.000000] x86/fpu: xstate_offet]: 56,ste_sizes[2]: 2
    .00000x8/fpu Spoting SAVE fate 0x01:'x7 flatngpoint registes'
[    0.000000] x86/fpu: Supporting XSAVE feature 0x02: 'SSE registers'
[    0.000000] x8/fpu Spoing XAVE eatre0x04'A rgisters'[  0.0000x8/fpu: Enbl xtate ates0x7,coext se is 832 bytes, usinng stda' foat.    .000 e820: BIOS-provided physical RAM map:
[    00.00000]IOe820: [mem 0x0000000000000000-0x000000000009fbff] usable
[    0.00000] BIOS-e820: [mem 0x000000000009fc00-0x000000000009ffff] reserved
[    0.000000] BIOS-e820: [mem 0x00000000000f0000-0x00000000000fffff] reserved
[    0.000000] BIOS-e820: [mem 0x00000000001000-00000000fefff] usbl
[  0.000000] BOSe8: mem 0x0000dff000-000000dfffff] CP data
[   000000]BIO-e20: me0x000000c0000x00000f00ff] seed
  0.0000] OS82: [m 0x00000fe000-000000e0fff]reerd
[  .0000] BOS82 [me 000000fffc000x000000ffffffff] reserved
[    0.000000] BIOS-e820: [me 0000000000-0x00000177ffff]sae
[   .00000] NX xeteDisae)roeconacive[  000000]MBOS 25 est.
[   .000] ypvir detete: M
[  .00000 e820:la_pn  0x278 mx_arh_n 0x400000
[    0.000000] MTRR: Disabled
[    0.000000] x86/PAT: MTRRs isle, skpi PT initilitin too.
[    0.000000] CU RR allblnk- irtualizd ysem.
[   00000] x6/T:onfiurio[0-7:     UC- C B T  U-   
[    000000] e80:aspfn 0xff0 ma_arc_p = 0x400000000
[    0.000000] found SMP MP-table at [mem 0x009ff-000ffff mpeaat ff8000009fff0]
[    0.000000] Scanning 1 areas for low memory corruption
[    0.000000] RAMDISK: [em 036a0-0x317ff
    0.0000 APIEay ablehesu vricaon disbl
    0.000] ACPI: RSDP 0x00000000E00 00024 (v02 VBOX  )
[    0.000000] ACPI: XSDT 0x000000FF003 0003Cv0 VBOX  VBXXT 0000001 SL 00001)
[   000000]CP: ACP 000000DFF0F0 0000F4 (04BOX  VBFA 0000001 AS  00061)
  0.0000] API DSDT 0x000000DFFF0480 0021FF (v02 VBOX   VBOXBIOS 00000002 INTL 20100528)
  0.00000]CP FAC 000000DFFF000000
[   0000] ACI:AC 0x00000DFFF020 000040
[    0.0000] CPI: APIC0x0000DFF00 00006C (v02 VBOX   VBOXIC 00000001 ASL  00000061)
[    0.000000] ACPI: SSDT 0x000000DFFB0 001CC (v01 VBOX  VXCUT00002 NT 2008)
[   00000 No MAoniguraio fnd
[  000000]Faking  nod at em0x00000000000-x0002177fffff
[    0.000000] NODE_DATA(0) allcaed [m 217f500-217ffff
  0.000000] kvm-clock: Using msrs 4b564d01 and 4b564d00
[    0.000000] kvm-clock: cpu 0, msr 2:177ed001, primarycpu oc
[   0.00000] kvm-clock: using sched offset of 516123862 cycles
[    0.000000] clckoue: kvm-coc mk: 0ffffffffffffffff max_cycles: 0x1cd42e4dffb, max_idle_ns: 881590591483 ns
[    0.000000] Zone ranges:
[    0.000000]   DM    [mem 0x0000000000x0000000fff]
[  0.0000] D32   [emx00000001000-0x00000ffffff]
[  00000]  Nrm  [mem0x00000100000000-0x00000002177fffff]
[    0.00000   Dic  mpty
[  .000000] Movable zone start for eah ode
[    0.000000] Early memory node ranges
[    0.000000]   node   0: [mem 0x000000000000-0x00000009eff][   0.00000] node   0: [mem x0000000000100000-0x00000000dffeffff]
[    0.000000]   node   0: [mem 0x00000001000000-0x0000000277ffff
  0.000000] Initmem tu node [mem 0x0000000000100x000000217fff]
[    0.00000ACI:PM-Tim IO Prt 0x4008
[    0.000000] IOAPIC[0]: apic_id 4, version 32, address 0xfec00000, GSI 0-23
[    00000] ACPI: INT_SRC_OVR (bus 0 bus_irq 0glalirq 2dfdf
[   .000] AC: T_RC_OR us0 bus_ir 9loalir9 w evel)
   0.000000]Using ACP (ADT) for SMP configuration information
[    0.0000] mpboo: Allowi 4PUs,0 tpug CPUs
[    0.000000] PM: Registered nosveemry [mem 0x00000-0x00ff]
[    00000 PM: Registered nosav mor: [mem x09f00-0x09ff]
  0.0000] : egisrenoave mo: mem 0x00a00-0x00eff]
[    0.0000] : Reisre nosave mmo: em 0x000f00000x00ffff][    00000PM: Reistered nosave memory: [mem 0xdfff0000-0xdfffffff]
[    0.0000] PMRestre navmemory:me0xe0000-xfebff]
[   0.000] P Regstred osae mory [m xfec00-0fec0ff]    0000 PM:Restred ose mory [m fec000-0edffff
   000000] PM: Reistere nav meor [em 0xfee0000-0ee0ff]   0.000] : Reisrenosaveemy:[mem0xe000-0ffff]
[   0000] PMRegistered nosave memory: [mem 0xfffc0000-0xffffffff]
[    0.000000] e820: [mem 0xe0000000-0xfebfffff] available for PCI devices
[    0.000000] Booting arirtualized kernnel  K
[   0.000] cloksrce: refine-jffiesma: 0xfffff max_cycles: 0xffffffff, max_idle_ns: 7645519600211568 ns
[    0.000000] setup_percpu: NR_CPUS:512 nr_cpumask_bits:512 nr_cpu_ids:4 nr_node_ids:1
[    0.000000] PECP: Emdd 3 pags/u ffff880214000s996088192 d31464 u524288
[    0.000000] PV qspinlock hash table ntes 256(oer0, 409 bes
[   .000000] Built 1 zonelists in Node order, mobility grouping on.  Total pages: 2029976
[    0.000000] Policy zone: Normal
[    0.000000] Kernl mmand le:OO_IMAGE=bo/vliz-4.-138enicroot=LABEL=cloudimg-rootfs ro console=tty1 console=tty0[   0.0000] D hah bl entres: 496(oder: 3, 32768 bytes)
[  0.0000] Memory: 8192K8248888 ailbl (56 kerl de, 134Kwda, 4004rota, 28Kinit136Kbs, 2239 rserv,  cma-rerd)
[   .0000]LUB Halign=64, Order=0-3, MinObjects=0, CPUs=4, Nodes=1
   00000] rn/Usepa tblesisatn: eabed
[    0.000000] Hierarchical RCU implementation.
[    0.000000] 	Build-time adjustment of leaf fanout to 64.
[    0.000000] 	RCU restricting CPUs from _CUS=52  n_cpu_s=
[   0.000] RCU: Adjusting geometr f rcu_fanou_lf=4, n_c_is=
[    0000 NR_IRS:02 nr_qs:56 
   0.000] onso: lor VG+ x2
[    00000 console tty1]nale
[   0000] nse [ttS0] naed
[    0.000000] tsc: Detected 3504.000 MHz processor
[   17.054503] Calibrating delay loop (skipped) preset value.. 7008.00 BogoMIPS (lpj=14016000)
[   17.214170] pid_max: default: 32768 minimum: 301
[   17.290000] ACPI: Core revision 20150930
[   17.363071] ACPI: 2 ACPI AML tables successfully acquired and loaded
[   17.422794] Security Framework initialized
[   17.482260] Yama: becoming mindful.
[   17.546522] AppArmor: AppArmor initialized
[   17.616301] Dentry cache hash table entries: 1048576 (order: 11, 8388608 bytes)
[   17.734636] Inode-cache hash table entries: 524288 (order: 10, 4194304 bytes)
[   17.841350] Mount-cache hash table entries: 16384 (order: 5, 131072 bytes)
[   17.934616] Mountpoint-cache hash table entries: 16384 (order: 5, 131072 bytes)
[   17.973842] Initializing cgroup subsys io
[   17.986945] Initializing cgroup subsys memory
[   18.000061] Initializing cgroup subsys devices
[   18.001282] Initializing cgroup subsys freezer
[   18.002520] Initializing cgroup subsys net_cls
[   18.003730] Initializing cgroup subsys perf_event
[   18.058370] Initializing cgroup subsys net_prio
[   18.118085] Initializing cgroup subsys hugetlb
[   18.191258] Initializing cgroup subsys pids
[   18.231430] mce: CPU supports 0 MCE banks
[   18.287825] Last level iTLB entries: 4KB 64, 2MB 8, 4MB 8
[   18.300899] Last level dTLB entries: 4KB 64, 2MB 0, 4MB 0, 1GB 4
[   18.315832] Spectre V2 : Mitigation: Full generic retpoline
[   18.380619] Spectre V2 : Spectre v2 mitigation: Speculation control IBPB not-supported IBRS not-supported
[   18.461001] Spectre V2 : Spectre v2 / SpectreRSB mitigation: Filling RSB on context switch
[   18.599206] Speculative Store Bypass: Vulnerable
[   18.681546] Freeing SMP alternatives memory: 32K
[   18.727261] ftrace: allocating 32278 entries in 127 pages
[   18.870006] smpboot: APIC(0) Converting physical 0 to logical package 0
[   18.991975] smpboot: Max logical packages: 1
[   19.075667] x2apic enabled
[   19.137219] Switched APIC routing to physical x2apic.
[   19.193565] ..TIMER: vector=0x30 apic1=0 pin1=2 apic2=-1 pin2=-1
[   19.385905] smpboot: CPU0: Intel(R) Core(TM) i7-7567U CPU @ 3.50GHz (family: 0x6, model: 0x8e, stepping: 0x9)
[   19.513692] Performance Events: unsupported p6 CPU model 142 no PMU driver, software events only.
[   19.602255] KVM setup paravirtual spinlock
[   19.682284] x86: Booting SMP configuration:
[   19.745472] .... node  #0, CPUs:      #1
[   19.746782] kvm-clock: cpu 1, msr 2:177ed041, secondary cpu clock
[   19.827351] mce: CPU supports 0 MCE banks
[   19.881313]  #2
[   19.886497] kvm-clock: cpu 2, msr 2:177ed081, secondary cpu clock
[   19.958526] mce: CPU supports 0 MCE banks
[   20.006459]  #3
[   20.022673] kvm-clock: cpu 3, msr 2:177ed0c1, secondary cpu clock
[   20.031434] mce: CPU supports 0 MCE banks
[   20.034329] x86: Booted up 1 node, 4 CPUs
[   20.082076] smpboot: Total of 4 processors activated (28032.00 BogoMIPS)
[   20.162067] devtmpfs: initialized
[   20.173985] evm: security.selinux
[   20.192090] evm: security.SMACK64
[   20.219925] evm: security.SMACK64EXEC
[   20.245445] evm: security.SMACK64TRANSMUTE
[   20.256561] evm: security.SMACK64MMAP
[   20.291307] evm: security.ima
[   20.314538] evm: security.capability
[   20.341514] clocksource: jiffies: mask: 0xffffffff max_cycles: 0xffffffff, max_idle_ns: 7645041785100000 ns
[   20.388444] futex hash table entries: 1024 (order: 4, 65536 bytes)
[   20.424633] pinctrl core: initialized pinctrl subsystem
[   20.494330] RTC time: 13:56:48, date: 12/20/18
[   20.546765] NET: Registered protocol family 16
[   20.620143] cpuidle: using governor ladder
[   20.655831] cpuidle: using governor menu
[   20.689261] PCCT header not found.
[   20.727091] ACPI: bus type PCI registered
[   20.773208] acpiphp: ACPI Hot Plug PCI Controller Driver version: 0.5
[   20.837822] PCI: Using configuration type 1 for base access
[   20.895890] ACPI: Added _OSI(Module Device)
[   20.914704] ACPI: Added _OSI(Processor Device)
[   20.920425] ACPI: Added _OSI(3.0 _SCP Extensions)
[   20.933781] ACPI: Added _OSI(Processor Aggregator Device)
[   20.949908] ACPI: Executed 1 blocks of module-level executable AML code
[   20.967111] ACPI: Interpreter enabled
[   20.972567] ACPI: (supports S0 S5)
[   20.988911] ACPI: Using IOAPIC for interrupt routing
[   21.009047] PCI: Using host bridge windows from ACPI; if necessary, use "pci=nocrs" and report a bug
[   21.114198] ACPI: PCI Root Bridge [PCI0] (domain 0000 [bus 00-ff])
[   21.135884] acpi PNP0A03:00: _OSC: OS supports [ASPM ClockPM Segments MSI]
[   21.155207] acpi PNP0A03:00: _OSC: not requesting OS control; OS requires [ExtendedConfig ASPM ClockPM MSI]
[   21.180658] acpi PNP0A03:00: fail to add MMCONFIG information, can't access extended PCI configuration space under this bridge.
[   21.292021] PCI host bridge to bus 0000:00
[   21.317924] pci_bus 0000:00: root bus resource [io  0x0000-0x0cf7 window]
[   21.393686] pci_bus 0000:00: root bus resource [io  0x0d00-0xffff window]
[   21.473432] pci_bus 0000:00: root bus resource [mem 0x000a0000-0x000bffff window]
[   21.512249] pci_bus 0000:00: root bus resource [mem 0xe0000000-0xfdffffff window]
[   21.595292] pci_bus 0000:00: root bus resource [bus 00-ff]
[   21.657440] pci 0000:00:01.1: legacy IDE quirk: reg 0x10: [io  0x01f0-0x01f7]
[   21.724903] pci 0000:00:01.1: legacy IDE quirk: reg 0x14: [io  0x03f6]
[   21.772448] pci 0000:00:01.1: legacy IDE quirk: reg 0x18: [io  0x0170-0x0177]
[   21.846937] pci 0000:00:01.1: legacy IDE quirk: reg 0x1c: [io  0x0376]
[   21.945347] pci 0000:00:07.0: quirk: [io  0x4000-0x403f] claimed by PIIX4 ACPI
[   21.991157] pci 0000:00:07.0: quirk: [io  0x4100-0x410f] claimed by PIIX4 SMB
[   22.049806] ACPI: PCI Interrupt Link [LNKA] (IRQs 5 9 10 *11)
[   22.072819] ACPI: PCI Interrupt Link [LNKB] (IRQs 5 9 *10 11)
[   22.081365] ACPI: PCI Interrupt Link [LNKC] (IRQs 5 *9 10 11)
[   22.126553] ACPI: PCI Interrupt Link [LNKD] (IRQs 5 9 10 *11)
[   22.165519] ACPI: Enabled 2 GPEs in block 00 to 07
[   22.201592] vgaarb: setting as boot device: PCI:0000:00:02.0
[   22.258578] vgaarb: device added: PCI:0000:00:02.0,decodes=io+mem,owns=io+mem,locks=none
[   22.356607] vgaarb: loaded
[   22.384900] vgaarb: bridge control possible 0000:00:02.0
[   22.423958] SCSI subsystem initialized
[   22.468058] ACPI: bus type USB registered
[   22.508348] usbcore: registered new interface driver usbfs
[   22.555362] usbcore: registered new interface driver hub
[   22.601155] usbcore: registered new device driver usb
[   22.647451] PCI: Using ACPI for IRQ routing
[   22.697182] NetLabel: Initializing
[   22.747109] NetLabel:  domain hash size = 128
[   22.794677] NetLabel:  protocols = UNLABELED CIPSOv4
[   22.844508] NetLabel:  unlabeled traffic allowed by default
[   22.896582] amd_nb: Cannot enumerate AMD northbridges
[   22.949597] clocksource: Switched to clocksource kvm-clock
[   3.60039] AppArmr:ApArorilysm naed[ 233599pn P AI ni
[ 23977]np P API: ou 3deic
  4.812]clckur: cppmma: ffff max_cyes 0fff,axide_ns: 205701024 ns
[   25.1462]NE Restre protocl amy 
[  25311TCesblhehah bl eri: 53 (de: 7, 5242 byts)[ 26983] CP bind hash table entries: 65536 (order: 8, 1048576 bte
  6.01] P:Ha tlecoiged (estabsh 636bind656)[ 27900] U hh blenrie: 96orer5,1372yt)
[  27.9846]DPite astae trs:40 (de 51372yt)  8.757] T:egted otol fmiy 1
[ 29805]pc00:000: mingirt I/I rasfer
  9.69] i 000:1.0: Aivating SAMAanwoaruns
[   30.4899] paininras..
[ 31.04497]Fring inid moy:47K  1.3435PCDM Ungofarboceufringfor I (IOTB)[ 32.10905]ofwa I T [m xdff00-0ff00 (MBmaedatff8800dbff0000fff80dfeff]
[ 33014063] platfo rtc_cmosrestedplfom TCdevie o NPeve un
  3.59] anngorowemy rrptio eery 60 secnd
  34.303033] scRened TSC clocksource calibration: 3501.881 MHz
[   34.514464] audit: initializing netlink subsys (disabled)
[   34.514475] audit: type=2000 audit(1545314207.905:1): initialized
[   34.514669] Initialise system trusted keyring
[   34.514847] HugeTLB registered 2 MB page size, pre-allocated 0 pages
[   34.517368] zbud: loaded
[   34.517851] VFS: Disk quotas dquot_6.6.0
[   34.517879] VFS: Dquot-cache hash table entries: 512 (order 0, 4096 bytes)
[   34.518072] squashfs: version 4.0 (2009/01/31) Phillip Lougher
[   34.518323] fuse init (API version 7.23)
[   34.518425] Key type big_key registered
[   34.518435] Allocating IMA MOK and blacklist keyrings.
[   34.519849] Key type asymmetric registered
[   34.519867] Asymmetric key parser 'x509' registered
[   34.519906] Block layer SCSI generic (bsg) driver version 0.4 loaded (major 249)
[   34.520074] io scheduler noop registered
[   34.520076] io scheduler deadline registered (default)
[   34.520109] io scheduler cfq registered
[   34.520218] pci_hotplug: PCI Hot Plug PCI Core version: 0.5
[   34.520223] pciehp: PCI Express Hot Plug Controller Driver version: 0.4
[   34.520577] ACPI: AC Adapter [AC] (on-line)
[   34.520702] input: Power Button as /devices/LNXSYSTM:00/LNXPWRBN:00/input/input0
[   34.520705] ACPI: Power Button [PWRF]
[   34.520813] input: Sleep Button as /devices/LNXSYSTM:00/LNXSLPBN:00/input/input1
[   34.520816] ACPI: Sleep Button [SLPF]
[   34.521018] GHES: HEST is not enabled!
[   34.521106] Serial: 8250/16550 driver, 32 ports, IRQ sharing enabled
[   34.588383] 00:02: ttyS0 at I/O 0x3f8 (irq = 4, base_baud = 115200) is a 16550A
[   34.696175] Linux agpgart interface v0.103
[   34.698669] ACPI: Battery Slot [BAT0] (battery present)
[   34.763668] loop: module loaded
[   34.764310] scsi host0: ata_piix
[   34.764529] scsi host1: ata_piix
[   34.764561] ata1: PATA max UDMA/33 cmd 0x1f0 ctl 0x3f6 bmdma 0xd000 irq 14
[   34.764562] ata2: PATA max UDMA/33 cmd 0x170 ctl 0x376 bmdma 0xd008 irq 15
[   34.765006] libphy: Fixed MDIO Bus: probed
[   34.765008] tun: Universal TUN/TAP device driver, 1.6
[   34.765009] tun: (C) 1999-2004 Max Krasnyansky <maxk@qualcomm.com>
[   34.765050] PPP generic driver version 2.4.2
[   34.765101] ehci_hcd: USB 2.0 'Enhanced' Host Controller (EHCI) Driver
[   34.765105] ehci-pci: EHCI PCI platform driver
[   34.765118] ehci-platform: EHCI generic platform driver
[   34.765126] ohci_hcd: USB 1.1 'Open' Host Controller (OHCI) Driver
[   34.765129] ohci-pci: OHCI PCI platform driver
[   34.765137] ohci-platform: OHCI generic platform driver
[   34.765144] uhci_hcd: USB Universal Host Controller Interface driver
[   34.765202] i8042: PNP: PS/2 Controller [PNP0303:PS2K,PNP0f03:PS2M] at 0x60,0x64 irq 1,12
[   34.765747] serio: i8042 KBD port at 0x60,0x64 irq 1
[   34.765751] serio: i8042 AUX port at 0x60,0x64 irq 12
[   34.765959] mousedev: PS/2 mouse device common for all mice
[   34.767835] rtc_cmos rtc_cmos: rtc core: registered rtc_cmos as rtc0
[   34.767897] rtc_cmos rtc_cmos: alarms up to one day, 114 bytes nvram
[   34.767906] i2c /dev entries driver
[   34.767962] device-mapper: uevent: version 1.0.3
[   34.768109] device-mapper: ioctl: 4.34.0-ioctl (2015-10-28) initialised: dm-devel@redhat.com
[   34.768152] ledtrig-cpu: registered to indicate activity on CPUs
[   34.768425] input: AT Translated Set 2 keyboard as /devices/platform/i8042/serio0/input/input2
[   34.769149] NET: Registered protocol family 10
[   34.769806] NET: Registered protocol family 17
[   34.769815] Key type dns_resolver registered
[   34.770019] registered taskstats version 1
[   34.770028] Loading compiled-in X.509 certificates
[   34.770468] Loaded X.509 cert 'Build time autogenerated kernel key: 9a104bc44b81e9426fe5c715e47d021d02d69eba'
[   34.770484] zswap: loaded using pool lzo/zbud
[   34.774007] Key type trusted registered
[   34.777464] Key type encrypted registered
[   34.777471] AppArmor: AppArmor sha1 policy hashing enabled
[   34.777473] ima: No TPM chip found, activating TPM-bypass!
[   34.777478] ima: Allocated hash algorithm: sha1
[   34.777496] evm: HMAC attrs: 0x1
[   34.778114]   Magic number: 14:808:938
[   34.814219] rtc_cmos rtc_cmos: setting system clock to 2018-12-20 13:57:02 UTC (1545314222)
[   34.814402] BIOS EDD facility v0.16 2004-Jun-25, 0 devices found
[   34.814403] EDD information not available.
[   36.499217] clocksource: tsc: mask: 0xffffffffffffffff max_cycles: 0x327a41c456b, max_idle_ns: 440795343689 ns
[   36.569366] Freeing unused kernel memory: 1528K
[   36.634275] Write protecting the kernel read-only data: 14336k
[   36.822603] Freeing unused kernel memory: 1664K
[   37.536162] Freeing unused kernel memory: 92K
Loading, please [   38.194925] random: systemd-udevd: uninitialized urandom read (16 bytes read, 9 bits of entropy available)
wait...
startin[   38.195666] random: udevadm: uninitialized urandom read (16 bytes read, 9 bits of entropy available)
g version 229
[   38.195685] random: udevadm: uninitialized urandom read (16 bytes read, 9 bits of entropy available)
[   38.202332] random: udevadm: uninitialized urandom read (16 bytes read, 9 bits of entropy available)
[   38.202365] random: udevadm: uninitialized urandom read (16 bytes read, 9 bits of entropy available)
[   38.202601] random: udevadm: uninitialized urandom read (16 bytes read, 9 bits of entropy available)
[   38.202664] random: udevadm: uninitialized urandom read (16 bytes read, 9 bits of entropy available)
[   38.202720] random: udevadm: uninitialized urandom read (16 bytes read, 9 bits of entropy available)
[   38.202765] random: udevadm: uninitialized urandom read (16 bytes read, 9 bits of entropy available)
[   38.202800] random: udevadm: uninitialized urandom read (16 bytes read, 9 bits of entropy available)
[   39.051023] e1000: Intel(R) PRO/1000 Network Driver - version 7.3.21-k8-NAPI
[   39.061980] e1000: Copyright (c) 1999-2006 Intel Corporation.
[   39.102683] Fusion MPT base driver 3.04.20
[   39.113958] Copyright (c) 1999-2008 LSI Corporation
[   39.121892] Fusion MPT SPI Host driver 3.04.20
[   39.167625] AVX2 version of gcm_enc/dec engaged.
[   39.178757] AES CTR mode by8 optimization enabled
[   39.322209] input: ImExPS/2 Generic Explorer Mouse as /devices/platform/i8042/serio1/input/input4
[   39.509967] e1000 0000:00:03.0 eth0: (PCI:33MHz:32-bit) 02:84:11:a3:6c:d2
[   39.620315] e1000 0000:00:03.0 eth0: Intel(R) PRO/1000 Network Connection
[   40.142744] e1000 0000:00:08.0 eth1: (PCI:33MHz:32-bit) 08:00:27:e2:f1:ed
[   40.254564] e1000 0000:00:08.0 eth1: Intel(R) PRO/1000 Network Connection
[   40.274268] e1000 0000:00:03.0 enp0s3: renamed from eth0
[   40.295777] mptbase: ioc0: Initiating bringup
[   40.338007] e1000 0000:00:08.0 enp0s8: renamed from eth1
[   40.366227] ioc0: LSI53C1030 A0: Capabilities={Initiator}
[   40.568490] scsi host2: ioc0: LSI53C1030 A0, FwRev=00000000h, Ports=1, MaxQ=256, IRQ=20
[   40.698535] scsi 2:0:0:0: Direct-Access     VBOX     HARDDISK         1.0  PQ: 0 ANSI: 5
[   40.698541] scsi target2:0:0: Beginning Domain Validation
[   40.699402] scsi target2:0:0: Domain Validation skipping write tests
[   40.699403] scsi target2:0:0: Ending Domain Validation
[   40.699481] scsi target2:0:0: asynchronous
[   40.700015] scsi 2:0:1:0: Direct-Access     VBOX     HARDDISK         1.0  PQ: 0 ANSI: 5
[   40.700018] scsi target2:0:1: Beginning Domain Validation
[   40.701017] scsi target2:0:1: Domain Validation skipping write tests
[   40.701018] scsi target2:0:1: Ending Domain Validation
[   40.701061] scsi target2:0:1: asynchronous
[   40.708207] sd 2:0:0:0: Attached scsi generic sg0 type 0
[   40.708377] sd 2:0:0:0: [sda] 20971520 512-byte logical blocks: (10.7 GB/10.0 GiB)
[   40.708800] sd 2:0:1:0: [sdb] 20480 512-byte logical blocks: (10.5 MB/10.0 MiB)
[   40.708839] sd 2:0:1:0: Attached scsi generic sg1 type 0
[   40.709010] sd 2:0:0:0: [sda] Write Protect is off
[   40.709182] sd 2:0:1:0: [sdb] Write Protect is off
[   40.709230] sd 2:0:0:0: [sda] Incomplete mode parameter data
[   40.709232] sd 2:0:0:0: [sda] Assuming drive cache: write through
[   40.709367] sd 2:0:1:0: [sdb] Incomplete mode parameter data
[   40.709368] sd 2:0:1:0: [sdb] Assuming drive cache: write through
[   40.712204]  sda: sda1
[   40.713001] sd 2:0:0:0: [sda] Attached SCSI disk
[   40.713183] sd 2:0:1:0: [sdb] Attached SCSI disk
Begin: Loading e[   42.737443] md: linear personality registered for level -1
ssential drivers ... [   42.794886] md: multipath personality registered for level -4
[   42.846881] md: raid0 personality registered for level 0
[   42.910934] md: raid1 personality registered for level 1
[   43.061645] raid6: sse2x1   gen() 12782 MB/s
[   43.169815] raid6: sse2x1   xor()  5303 MB/s
[   43.257686] raid6: sse2x2   gen() 14847 MB/s
[   43.402095] raid6: sse2x2   xor() 10961 MB/s
[   43.521653] raid6: sse2x4   gen() 17138 MB/s
[   43.649720] raid6: sse2x4   xor() 12435 MB/s
[   43.790154] raid6: avx2x1   gen() 25325 MB/s
[   43.918078] raid6: avx2x2   gen() 29063 MB/s
[   44.062069] raid6: avx2x4   gen() 31367 MB/s
[   44.120199] raid6: using algorithm avx2x4 gen() 31367 MB/s
[   44.220315] raid6: using avx2x2 recovery algorithm
[   44.256229] xor: automatically using best checksumming function:
[   44.334106]    avx       : 30834.000 MB/sec
[   44.402207] async_tx: api initialized (async)
[   44.438526] md: raid6 personality registered for level 6
[   44.443044] md: raid5 personality registered for level 5
[   44.470580] md: raid4 personality registered for level 4
[   44.532614] md: raid10 personality registered for level 10
done.
Begin: Running /scripts/init-premount ... done.
Begin: Mounting[   44.592139] Btrfs loaded
 root file system ... Begin: Running /scripts/local-top ... done.
Begin: Running /scripts/local-premount ... Scanning for Btrfs filesystems
done.
Warning: fsck not present, so skipping root file system
[   44.659974] EXT4-fs (sda1): mounted filesystem with ordered data mode. Opts: (null)
done.
Begin: Running /scripts/local-bottom ... done.
Begin: Running /scripts/init-bottom ... done.
[   45.102625] systemd[1]: systemd 229 running in system mode. (+PAM +AUDIT +SELINUX +IMA +APPARMOR +SMACK +SYSVINIT +UTMP +LIBCRYPTSETUP +GCRYPT +GNUTLS +ACL +XZ -LZ4 +SECCOMP +BLKID +ELFUTILS +KMOD -IDN)
[   45.344881] systemd[1]: Detected virtualization oracle.
[   45.400681] systemd[1]: Detected architecture x86-64.

Welcome to [1mUbuntu 16.04.5 LTS[0m!

[   455539 ste[1 Set hostname to <ubuntu>.
[ 457340] std[: nitiliing chneD fro rdogenerator
[   46.541985] systemd[1]: Installed transient /etc/machine-id file.
[   46.654465] random: nonblocking pool is initialized
[   471675syte[1 Lteing onournal Audit ocet
[[0;32m  OK  [0m] Listening on Journal Audit Socket.
[   47.808412] systemd[]:Liening on ueverl ck.
[[0;32m  OK  [0m] Listening on udev Kernel Socket.
[ 48.84] ysmd]:reated slice Syte Sli. [[0;32m  OK  [0m] Created slice System Slice.
[   48.818] stmd[1]: Createdsle st-sril\dgtysle. [[0;32m  OK  [0m] Created slice system-serial\x2dgetty.slice.
[   495544syem1] Started Triggr soco uda f nwork DS.
[[0;32m  OK  [0m] Started Trigger resolvconf update for networkd DNS.
[ 503022] ysmd[1]: Reached target User and Group Name Lookups.
[[0;32m  OK  [0m] Reached target User and Group Name Lookups.
[ 50934]ysmd[1 Rchd target System Time Synhrnize.
[[0;32m  OK  [0m] Reached target System Time Synchronized.
[ 511070 ste[1: stinonSysl Scket
[[0;32m  OK  [0m] Listening on Syslog Socket.
[ 5184259] sysem[1: sting n M2etatdaonoct.

[[0;32m  OK  [0m] Listening on LVM2 metadata daemon socket.
[ 52780]ysmd[1]: ListeningonVMpol aemo ske. [[0;32m  OK  [0m] Listening on LVM2 poll daemon socket.
[ 53462]ysem1]: isning ondeinctCoatibilty am Pe.
[[0;32m  OK  [0m] Listening on /dev/initctl Compatibility Named Pipe.
[   54.293 stemd[1]Stte Forward Passwod equests o llirto Wch.
[[0;32m  OK  [0m] Started Forward Password Requests to Wall Directory Watch.
[  590011] sstem1]Lienin oJonaSoke. [[0;32m  OK  [0m] Listening on Journal Socket.
[   55.561910] systemd[1]: Mounting POSIX Message Queue File System...
         Mounting POSIX Message Queue File System...
[   55.614243] systemd[1]: Starting Create list of required static device nodes for the current kernel...
         Starting Create list of required st... nodes for the current kernel...
[   56.142075] systemd[1]: Starting Nameserver information manager...
         Starting Nameserver information manager...
[   56.322185] systemd[1]: Starting Remount Root and Kernel File Systems...
[   56.332098] EXT4-fs (sda1): re-mounted. Opts: (null)
         Starting Remount Root and Kernel File Systems...
[   56.479962]systd[1]: istengn evonolSoke. [[0;32m  OK  [0m] Listening on udev Control Socket.
[   57.086327] systemd[1]: Starting Uncomplicated firewall...
         Starting Uncomplicated firewall...
[ 571898syem[1 Rached tage Encrypted Volumes
[[0;32m  OK  [0m] Reached target Encrypted Volumes.
[ 576280syte[1: t p automontArbitrarExecuabe il Formas leysem Automout oint.
[[0;32m  OK  [0m] Set up automount Arbitrary Executab...ats File System Automount Point.
[   58.670170] systemd[1]: Mounting Debug File System...
         Mounting Debug File System...
[   58.786390] systemd[1]: Mounting Huge Pages File System...
         Mounting Huge Pages File System...
[   59.121725] systemd[1]: Starting Load Kernel Modules...
[   59.19728] LoadngiSI anorcls 2.87
         Starting Load Kernel Modules...
[   59.571374] iscsi: registered transport (tcp)
[   60.380581]syte[1]: Created slice User and Session Slice.
[[0;32m  OK  [0m] Created slice User and Session Slice.
[   60.578103] iscsi: registered transport (iser)
[   60.639516] systemd[1]: Listening on Journal Socket (/dev/log).
[[0;32m  OK  [0m] Listening on Journal Socket (/dev/log).
[   60.810503] systemd[1]: Starting Journal Service...
         Starting Journal Service...
[   60.955224] systemd[1]: Starting Set console keymap...
         Starting Set console keymap...
[   61.114505] systemd[1]: Reached target Slices.
[[0;32m  OK  [0m] Reached target Slices.
[   61.221908] systemd[1]: Listening on Device-mapper event daemon FIFOs.
[[0;32m  OK  [0m] Listening on Device-mapper event daemon FIFOs.
[   61.330010] systemd[1]: Starting Monitoring of LVM2 mirrors, snapshots etc. using dmeventd or progress polling...
         Starting Monitoring of LVM2 mirrors... dmeventd or progress polling...
[   61.518904] systemd[1]: Reached target Swap.
[[0;32m  OK  [0m] Reached target Swap.
[   61.676085] systemd[1]: Mounted Huge Pages File System.
[[0;32m  OK  [0m] Mounted Huge Pages File System.
[   61.802158] systemd[1]: Mounted POSIX Message Queue File System.
[[0;32m  OK  [0m] Mounted POSIX Message Queue File System.
[   61.878388] systemd[1]: Mounted Debug File System.
[[0;32m  OK  [0m] Mounted Debug File System.
[   61.966418] systemd[1]: Started Journal Service.
[[0;32m  OK  [0m] Started Journal Service.
[[0;32m  OK  [0m] Started Create list of required sta...ce nodes for the current kernel.
[[0;32m  OK  [0m] Started Remount Root and Kernel File Systems.
[[0;32m  OK  [0m] Started Uncomplicated firewall.
[[0;32m  OK  [0m] Started Load Kernel Modules.
[[0;32m  OK  [0m] Started Set console keymap.
[[0;32m  OK  [0m] Started Nameserver information manager.
[[0;32m  OK  [0m] Started LVM2 metadata daemon.
         Starting Apply Kernel Variables...
         Mounting FUSE Control File System...
         Starting udev Coldplug all Devices...
         Starting Load/Save Random Seed...
         Starting Create Static Device Nodes in /dev...
         Starting Flush Journal to Persistent Storage...
[[0;32m  OK  [0m] Mounted FUSE Control File System.
[[0;32m  OK  [0m] Started Monitoring of LVM2 mirrors,...ng dmeventd or progress polling.
[[0;32m  OK  [0m] Started Apply Kernel Variables.
[[0;32m  OK  [0m] Started Load/Save Random Seed.
[[0;32m  OK  [0m] Started Create Static Device Nodes in /dev.
[[0;32m  OK  [0m] Started udev Coldplug all Devices.
         Starting udev Kernel Device Manager...
[[0;32m  OK  [0m] Reached target Local File Systems (Pre).
[[0;32m  OK  [0m] Reached target Local File Systems.
         Starting Initial cloud-init job (pre-networking)...
         Starting Commit a transient machine-id on disk...
         Starting LSB: AppArmor initialization...
         Starting Set console font and keymap...
         Starting Tell Plymouth To Write Out Runtime Data...
[[0;32m  OK  [0m] Started udev Kernel Device Manager.
[[0;32m  OK  [0m] Started Flush Journal to Persistent Storage.
[[0;32m  OK  [0m] Found device /dev/ttyS0.
[[0;32m  OK  [0m] Started Commit a transient machine-id on disk.
[[0;32m  OK  [0m] Started Tell Plymouth To Write Out Runtime Data.
[[0;32m  OK  [0m] Listening on Load/Save RF Kill Switch Status /dev/rfkill Watch.
         Starting Create Volatile Files and Directories...
[[0;32m  OK  [0m] Started Dispatch Password Requests to Console Directory Watch.
[[0;32m  OK  [0m] Started Create Volatile Files and Directories.
[[0;32m  OK  [0m] Started Set console font and keymap.
[[0;32m  OK  [0m] Created slice system-getty.slice.
         Starting Update UTMP about System Boot/Shutdown...
[[0;32m  OK  [0m] Started Update UTMP about System Boot/Shutdown.
[[0;32m  OK  [0m] Started LSB: AppArmor initialization.
[   42.866314] cloud-init[497]: Cloud-init v. 18.4-0ubuntu1~16.04.2 running 'init-local' at Thu, 20 Dec 2018 13:57:32 +0000. Up 42.57 seconds.
[[0;32m  OK  [0m] Started Initial cloud-init job (pre-networking).
[[0;32m  OK  [0m] Reached target Network (Pre).
         Starting Raise network interfaces...
[[0;32m  OK  [0m] Started Raise network interfaces.
         Starting Initial cloud-init job (metadata service crawler)...
[[0;32m  OK  [0m] Reached target Network.
[   44.190400] cloud-init[965]: Cloud-init v. 18.4-0ubuntu1~16.04.2 running 'init' at Thu, 20 Dec 2018 13:57:33 +0000. Up 43.65 seconds.
[[0;32m  OK  [0m[   44.284584] cloud-init[965]: ci-info: ++++++++++++++++++++++++++++++++++++++Net device info+++++++++++++++++++++++++++++++++++++++
[   44.284667] cloud-init[965]: ci-info: +--------+-------+----------------------------+---------------+--------+-------------------+
[   44.284794] cloud-init[965]: ci-info: | Device |   Up  |          Address           |      Mask     | Scope  |     Hw-Address    |
[   44.284868] cloud-init[965]: ci-info: +--------+-------+----------------------------+---------------+--------+-------------------+
[   44.284934] cloud-init[965]: ci-info: | enp0s3 |  True |         10.0.2.15          | 255.255.255.0 | global | 02:84:11:a3:6c:d2 |
[   44.285008] cloud-init[965]: ci-info: | enp0s3 |  True | fe80::84:11ff:fea3:6cd2/64 |       .       |  link  | 02:84:11:a3:6c:d2 |
[   44.285074] cloud-init[965]: ci-info: | enp0s8 | False |             .              |       .       |   .    | 08:00:27:e2:f1:ed |
[   44.285140] cloud-init[965]: ci-info: |   lo   |  True |         127.0.0.1          |   255.0.0.0   |  host  |         .         |
[   44.285330] cloud-init[965]: ci-info: |   lo   |  True |          ::1/128           |       .       |  host  |         .         |
[   44.285414] cloud-init[965]: ci-info: +--------+-------+----------------------------+---------------+--------+-------------------+
[   44.285489] cloud-init[965]: ci-info: +++++++++++++++++++++++++++Route IPv4 info++++++++++++++++++++++++++++
[   44.285558] cloud-init[965]: ci-info: +-------+-------------+----------+---------------+-----------+-------+
[   44.285625] cloud-init[965]: ci-info: | Route | Destination | Gateway  |    Genmask    | Interface | Flags |
[   44.285737] cloud-init[965]: ci-info: +-------+-------------+----------+---------------+-----------+-------+
[   44.285807] cloud-init[965]: ci-info: |   0   |   0.0.0.0   | 10.0.2.2 |    0.0.0.0    |   enp0s3  |   UG  |
[   44.285874] cloud-init[965]: ci-info: |   1   |   10.0.2.0  | 0.0.0.0  | 255.255.255.0 |   enp0s3  |   U   |
[   44.285966] cloud-init[965]: ci-info: +-------+-------------+----------+---------------+-----------+-------+
[   44.286084] cloud-init[965]: ci-info: +++++++++++++++++++Route IPv6 info+++++++++++++++++++
[   44.286192] cloud-init[965]: ci-info: +-------+-------------+---------+-----------+-------+
[   44.286288] cloud-init[965]: ci-info: | Route | Destination | Gateway | Interface | Flags |
[   44.286355] cloud-init[965]: ci-info: +-------+-------------+---------+-----------+-------+
[   44.286419] cloud-init[965]: ci-info: |   0   |  fe80::/64  |    ::   |   enp0s3  |   U   |
[   44.286497] cloud-init[965]: ci-info: |   3   |   ff00::/8  |    ::   |   enp0s3  |   U   |
[   44.286568] cloud-init[965]: ci-info: +-------+-------------+---------+-----------+-------+
[   44.286632] cloud-init[965]: Generating public/private rsa key pair.
[   44.286766] cloud-init[965]: Your identification has been saved in /etc/ssh/ssh_host_rsa_key.
[   44.286837] cloud-init[965]: Your public key has been saved in /etc/ssh/ssh_host_rsa_key.pub.
[   44.286901] cloud-init[965]: The key fingerprint is:
[   44.286967] cloud-init[965]: SHA256:oeh9PVPfrLFdJcxmjyleyFr+y5r3nSbA1RYPkqs3pK4 root@ubuntu-xenial
[   44.287032] cloud-init[965]: The key's randomart image is:
[   44.287097] cloud-init[965]: +---[RSA 2048]----+
[   44.287160] cloud-init[965]: |             .   |
[   44.287225] cloud-init[965]: |            o .. |
[   44.287351] cloud-init[965]: |        .    o..o|
[   44.287427] cloud-init[965]: |     . . .  o+ o.|
[   44.287492] cloud-init[965]: |    . . S .+o B .|
[   44.287556] cloud-init[965]: |   . .   .o=o= B.|
[   44.287643] cloud-init[965]: |    . . ..+.*.* =|
[   44.287747] cloud-init[965]: |       .  .B *.*+|
[   44.287817] cloud-init[965]: |        E.. =+O++|
[   44.287882] cloud-init[965]: +----[SHA256]-----+
[   44.287947] cloud-init[965]: Generating public/private dsa key pair.
[   44.288011] cloud-init[965]: Your identification has been saved in /etc/ssh/ssh_host_dsa_key.
[   44.288077] cloud-init[965]: Your public key has been saved in /etc/ssh/ssh_host_dsa_key.pub.
[   47.319694] cloud-init[965]: The key fingerprint is:
[   47.319832] cloud-init[965]: SHA256:jqgLNbE4kqcwHV2wbeySKuLxEG8pkUcJN1NT5E8cf+A root@ubuntu-xenial
[   47.319956] cloud-init[965]: The key's randomart image is:
[   47.320063] cloud-init[965]: +---[DSA 1024]----+
[   47.320167] cloud-init[965]: | . +o++o . .     |
[   47.320269] cloud-init[965]: |  o.+=o . + .    |
[   47.320370] cloud-init[965]: |  ooo +. o E .   |
[   47.320472] cloud-init[965]: | +o+ +  o   .    |
[   47.320574] cloud-init[965]: |B+*.o . S.       |
[   47.320679] cloud-init[965]: |o*=o.o o         |
[   47.320782] cloud-init[965]: |=+.+. . .        |
[   47.320884] cloud-init[965]: |oo*.             |
[   47.321005] cloud-init[965]: | .oo             |
[   47.321109] cloud-init[965]: +----[SHA256]-----+
[   47.321211] cloud-init[965]: Generating public/private ecdsa key pair.
[   47.321313] cloud-init[965]: Your identification has been saved in /etc/ssh/ssh_host_ecdsa_key.
[   47.321417] cloud-init[965]: Your public key has been saved in /etc/ssh/ssh_host_ecdsa_key.pub.
[   47.321522] cloud-init[965]: The key fingerprint is:
[   47.321625] cloud-init[965]: SHA256:G04MX/DNAVQJX6k6MHGyB9D+W/TwrQOmoN7K02dgZH0 root@ubuntu-xenial
[   47.321782] cloud-init[965]: The key's randomart image is:
[   47.321862] cloud-init[965]: +---[ECDSA 256]---+
[   47.321937] cloud-init[965]: |      .o..++o... |
[   47.322009] cloud-init[965]: |        =o.+.o.  |
[   47.322085] cloud-init[965]: |      .. Bo +.   |
[   47.322158] cloud-init[965]: |       +B.o E    |
[   47.322233] cloud-init[965]: |       oS= + + . |
] Started Initial cloud-init job (metadata service crawler).
[   47.322393] cloud-init[965]: |       o+o+ + o .|
[   48.850895] cloud-init[965]: |       +oo * . . |
[[0;32m  OK  [0m] Reached target System Initialization.
[[   48.851224] cloud-init[965]: |     .o.. =   o  |
[   48.916183] cloud-init[965]: |     .+o.o     . |
[0;32m  OK  [0m] Started Daily apt download activities.
[   48.916600] cloud-init[965]: +----[SHA256]-----+
[   49.172513] cloud-init[965]: Generating public/private ed25519 key pair.
[   49.173125] cloud-init[965]: Your identification has been saved in /etc/ssh/ssh_host_ed25519_key.
[[0;32m  OK  [0m] Started ACPI Events Check.
[   49.173411] cloud-init[965]: Your public key has been saved in /etc/ssh/ssh_host_ed25519_key.pub.
[   49.308870] cloud-init[965]: The key fingerprint is:
[[0;32m  OK  [0m] Reached target Paths.
[   49.309052] cloud-init[965]: SHA256:WrD8aNQScyV+NmbNHufnopt0ZqmA7Txh+OoDZipQQf4 root@ubuntu-xenial
[   49.413991] cloud-init[965]: The key's randomart image is:
[[0;32m  OK  [0m] Listening on D-Bus System Message Bus Socket.
[   49.414301] cloud-init[965]: +--[ED25519 256]--+
[   49.572426] cloud-init[965]: | ..     . .      |
[   49.573288] cloud-init[965]: | ..    . o o     |
[[0;32m  OK  [0m] Started Daily Cleanup of Temporary Directories.
[   49.573965] cloud-init[965]: |  ..  + o * + .  |
[   49.676298] cloud-init[965]: |  .. . B = o +   |
         Starting LXD - unix socket.[   49.676930] 
cloud-init[965]: | .  E = S.  . . .|
[   49.856772] cloud-init[965]: |.    .+*.oo    + |
[   49.857216] cloud-init[965]: | .   ++.ooo.. * .|
         Starting Socket activation for snappy daemon.
[   49.857704] cloud-init[965]: |  . ..  .ooo B . |
[   49.903514] cloud-init[965]: |   .   .ooo.=.   |
[[0;32m  OK  [0m] Listening on ACPID Listen Socket.
[   49.903985] cloud-init[965]: +----[SHA256]-----+
[[0;32m  OK  [0m] Listening on UUID daemon activation socket.
[[0;32m  OK  [0m] Started Daily apt upgrade and clean activities.
[[0;32m  OK  [0m] Reached target Timers.
[[0;32m  OK  [0m] Reached target Network is Online.
         Starting iSCSI initiator daemon (iscsid)...
[[0;32m  OK  [0m] Reached target Cloud-config availability.
[[0;32m  OK  [0m] Listening on LXD - unix socket.
[[0;32m  OK  [0m] Listening on Socket activation for snappy daemon.
[[0;32m  OK  [0m] Started iSCSI initiator daemon (iscsid).
         Starting Login to default iSCSI targets...
[[0;32m  OK  [0m] Reached target Sockets.
[[0;32m  OK  [0m] Reached target Basic System.
         Starting Pollinate to seed the pseudo random number generator...
[[0;32m  OK  [0m] Started FUSE filesystem for LXC.
[[0;32m  OK  [0m] Started Deferred execution scheduler.
[[0;32m  OK  [0m] Started ACPI event daemon.
         Starting LSB: MD monitoring daemon...
         Starting System Logging Service...
         Starting Virtualbox guest utils...
         Starting /etc/rc.local Compatibility...
[[0;32m  OK  [0m] Started D-Bus System Message Bus.
         Starting Accounts Service...
         Starting Snappy daemon...
         Starting LSB: Record successful boot for GRUB...
[[0;32m  OK  [0m] Started Regular background program processing daemon.
         Starting Login Service...
[[0;32m  OK  [0m] Started Unattended Upgrades Shutdown.
         Starting LXD - container startup/shutdown...
[[0;32m  OK  [0m] Started System Logging Service.
[[0;32m  OK  [0m] Started /etc/rc.local Compatibility.
         Starting Authenticate and Authorize Users to Run Privileged Tasks...
[[0;32m  OK  [0m] Started Login Service.
[[0;32m  OK  [0m] Started Login to default iSCSI targets.
[[0;32m  OK  [0m] Started LSB: MD monitoring daemon.
[[0;32m  OK  [0m] Started Pollinate to seed the pseudo random number generator.
[[0;32m  OK  [0m] Started LSB: Record successful boot for GRUB.
[[0;32m  OK  [0m] Started Virtualbox guest utils.
[[0;32m  OK  [0m] Started Authenticate and Authorize Users to Run Privileged Tasks.
[[0;32m  OK  [0m] Started Accounts Service.
         Starting OpenBSD Secure Shell server...
[[0;32m  OK  [0m] Reached target Remote File Systems (Pre).
[[0;32m  OK  [0m] Reached target Remote File Systems.
         Starting LSB: Set the CPU Frequency Scaling governor to "ondemand"...
         Starting LSB: automatic crash report generation...
         Starting Permit User Sessions...
         Starting LSB: daemon to balance interrupts for SMP systems...
[[0;32m  OK  [0m] Started Snappy daemon.
[[0;32m  OK  [0m] Started LXD - container startup/shutdown.
[[0;32m  OK  [0m] Started Permit User Sessions.
[[0;32m  OK  [0m] Started OpenBSD Secure Shell server.
[[0;32m  OK  [0m] Started LSB: Set the CPU Frequency Scaling governor to "ondemand".
[[0;32m  OK  [0m] Started LSB: automatic crash report generation.
[[0;32m  OK  [0m] Started LSB: daemon to balance interrupts for SMP systems.
[[0;32m  OK  [0m] Created slice User Slice of vagrant.
         Starting User Manager for UID 1000...
         Starting Hold until boot process finishes up...
         Starting Terminate Plymouth Boot Screen...
         Starting Wait until snapd is fully seeded...
[[0;32m  OK  [0m] Started User Manager for UID 1000.
[[0;32m  OK  [0m] Started Hold until boot process finishes up.
[[0;32m  OK  [0m] Started Terminate Plymouth Boot Screen.
[[0;32m  OK  [0m] Started Session 1 of user vagrant.
[[0;32m  OK  [0m] Started Getty on tty1.
[[0;32m  OK  [0m] Started Serial Getty on ttyS0.
[[0;32m  OK  [0m] Reached target Login Prompts.
         Starting Set console scheme...
[[0;32m  OK  [0m] Started Set console scheme.
[[0;32m  OK  [0m] Started Session 2 of user vagrant.
[[0;32m  OK  [0m] Started Wait until snapd is fully seeded.
[[0;32m  OK  [0m] Reached target Multi-User System.
[[0;32m  OK  [0m] Reached target Graphical Interface.
         Starting Update UTMP about System Runlevel Changes...
         Starting Apply the settings specified in cloud-config...
[[0;32m  OK  [0m] Started Update UTMP about System Runlevel Changes.
         Stopping Virtualbox guest utils...
[   56.055843] cloud-init[1543]: Generating locales (this might take a while)...
[[0;32m  OK  [0m] Stopped Virtualbox guest utils.
[   56.656702] cloud-init[1543]:   en_US.UTF-8... done
[   56.712802] cloud-init[1543]: Generation complete.
[   57.006159] cloud-init[1543]: Cloud-init v. 18.4-0ubuntu1~16.04.2 running 'modules:config' at Thu, 20 Dec 2018 13:57:45 +0000. Up 55.95 seconds.
[[0;32m  OK  [0m] Started Apply the settings specified in cloud-config.
         Starting Execute cloud user/final scripts...
ci-info: no authorized ssh keys fingerprints found for user ubuntu.
<14>Dec 20 13:57:47 ec2: 
<14>Dec 20 13:57:47 ec2: #############################################################
<14>Dec 20 13:57:47 ec2: -----BEGIN SSH HOST KEY FINGERPRINTS-----
<14>Dec 20 13:57:47 ec2: 1024 SHA256:jqgLNbE4kqcwHV2wbeySKuLxEG8pkUcJN1NT5E8cf+A root@ubuntu-xenial (DSA)
<14>Dec 20 13:57:47 ec2: 256 SHA256:G04MX/DNAVQJX6k6MHGyB9D+W/TwrQOmoN7K02dgZH0 root@ubuntu-xenial (ECDSA)
<14>Dec 20 13:57:47 ec2: 256 SHA256:WrD8aNQScyV+NmbNHufnopt0ZqmA7Txh+OoDZipQQf4 root@ubuntu-xenial (ED25519)
<14>Dec 20 13:57:47 ec2: 2048 SHA256:oeh9PVPfrLFdJcxmjyleyFr+y5r3nSbA1RYPkqs3pK4 root@ubuntu-xenial (RSA)
<14>Dec 20 13:57:47 ec2: -----END SSH HOST KEY FINGERPRINTS-----
<14>Dec 20 13:57:47 ec2: #############################################################
-----BEGIN SSH HOST KEY KEYS-----
ecdsa-sha2-nistp256 AAAAE2VjZHNhLXNoYTItbmlzdHAyNTYAAAAIbmlzdHAyNTYAAABBBAi8KiPii4EL46LJF1PiLjTVIl9gau5ch7IxkuE31HkcweNdHCrglCvvp0OYk9yvH2EeZTlMfFBHGCtJHUrGgQ8= root@ubuntu-xenial
ssh-ed25519 AAAAC3NzaC1lZDI1NTE5AAAAIF8IXt98/gH08fHVIylBDX1N4FfWWrdkugg7vska22Ra root@ubuntu-xenial
ssh-rsa AAAAB3NzaC1yc2EAAAADAQABAAABAQCrDhc6unh9hgNlO0PuEu/CBoElCvxuWqKW6EmOFhpSC6fqscKu5zzRWo89d9QP3yKpq9WKCpaa4SXfnA+GHxLr8+Hx3IhcAfs4z/nXRkhr/Nke7YfnrdkKCE6DMe9gcpFwuAUphkJIMXtfpmuPizfg6XRMbpQK0UKT2VThKev1dz2s1HPZBIVwQYHben/0q2cwMo+MZgixqp76IrZfo4H3ydo0RX6RTSMeJVVREqHz2tA064IvAJkG1gwVh960CojINRDAFwt5obJSPZXSBYXONQDkuOgHFdXFzoEAxetzpm+/Bnuon0OFnYeissFhaHiDz8uH3sKU01clEosXROMh root@ubuntu-xenial
-----END SSH HOST KEY KEYS-----
[   58.707630] cloud-init[1679]: Cloud-init v. 18.4-0ubuntu1~16.04.2 running 'modules:final' at Thu, 20 Dec 2018 13:57:47 +0000. Up 57.44 seconds.
[   58.724576] [   58.725465] cloud-init[1679]: Cloud-init v. 18.4-0ubuntu1~16.04.2 finished at Thu, 20 Dec 2018 13:57:48 +0000. Datasource DataSourceNoCloud [seed=/dev/sdb][dsmode=net].  Up 58.70 seconds

Ubuntu 16.04.5 LTS ubuntu-xenial ttyS0

ubuntu-xenial login: [  OK  ] Stopped All Spinnaker services.
[  OK  ] Stopped target Timers.
         Stopping Spinnaker Rosco...[  OK  ] Unmounted /var/lib/lxcfs.
[  OK  ] Stopped Deferred execution scheduler.
[  OK  ] Stopped System Logging Service.
[  OK  ] Stopped Accounts Service.
[  OK  ] Stopped ACPI event daemon.
[  OK  ] Stopped Snappy daemon.
[  OK  ] Stopped Regular background program processing daemon.
[  OK  ] Stopped Authenticate and Authorize Users to Run Privileged Tasks.
[  OK  ] Stopped OpenBSD Secure Shell server.
[  OK  ] Stopped User Manager for UID 1000.
[  OK  ] Stopped Getty on tty1.
[  OK  ] Stopped Serial Getty on ttyS0.
[  OK  ] Stopped Session 2 of user vagrant.
[  OK  ] Stopped containerd container runtime.
[  OK  ] Stopped Spinnaker Orca.
[  OK  ] Stopped Spinnaker Clouddriver.
[  OK  ] Stopped Spinnaker Gate.
[  OK  ] Stopped Spinnaker Rosco.
[  OK  ] Stopped Spinnaker Igor.
[  OK  ] Stopped Session 6 of user vagrant.
[  OK  ] Stopped Spinnaker Echo.
[  OK  ] Stopped Unattended Upgrades Shutdown.
[  OK  ] Stopped vboxadd-service.service.
[  OK  ] Stopped D-Bus System Message Bus.
[  OK  ] Stopped FUSE filesystem for LXC.
[  OK  ] Stopped LXD - container startup/shutdown.
[  OK  ] Stopped LSB: automatic crash report generation.
[  OK  ] Stopped LSB: MD monitoring daemon.
[  OK  ] Stopped LSB: Set the CPU Frequency Scaling governor to "ondemand".
[  OK  ] Stopped LSB: Record successful boot for GRUB.
[  OK  ] Stopped LSB: daemon to balance interrupts for SMP systems.
         Stopping vboxadd.service...
[  OK  ] Removed slice system-serial\x2dgetty.slice.
[  OK  ] Stopped /etc/rc.local Compatibility.
[  OK  ] Removed slice system-getty.slice.
[  OK  ] Removed slice User Slice of vagrant.
         Stopping Login Service...
         Stopping Permit User Sessions...
[  OK  ] Unmounted /vagrant.
[  OK  ] Stopped Login Service.
[  OK  ] Stopped vboxadd.service.
[  OK  ] Stopped Permit User Sessions.
[  OK  ] Stopped target User and Group Name Lookups.
[  OK  ] Stopped LSB: Apache2 web server.
[  OK  ] Stopped target Remote File Systems.
[  OK  ] Stopped target Remote File Systems (Pre).
         Stopping Login to default iSCSI targets...
[  OK  ] Stopped Login to default iSCSI targets.
         Stopping iSCSI initiator daemon (iscsid)...
[  OK  ] Stopped iSCSI initiator daemon (iscsid).
[  OK  ] Stopped Docker Application Container Engine.
[  OK  ] Stopped target Basic System.
[  OK  ] Stopped target Paths.
[  OK  ] Stopped ACPI Events Check.
[  OK  ] Stopped Dispatch Password Requests to Console Directory Watch.
[  OK  ] Stopped Forward Password Requests to Wall Directory Watch.
[  OK  ] Stopped target Sockets.
[  OK  ] Closed ACPID Listen Socket.
[  OK  ] Closed LXD - unix socket.
[  OK  ] Closed Socket activation for snappy daemon.
[  OK  ] Closed D-Bus System Message Bus Socket.
[  OK  ] Closed Syslog Socket.
[  OK  ] Closed UUID daemon activation socket.
[  OK  ] Stopped target Slices.
[  OK  ] Removed slice User and Session Slice.
[  OK  ] Stopped target Network is Online.
[  OK  ] Stopped target Network.
[  OK  ] Stopped target System Initialization.
[  OK  ] Stopped target Encrypted Volumes.
         Stopping Update UTMP about System Boot/Shutdown...
[  OK  ] Stopped Commit a transient machine-id on disk.
[  OK  ] Stopped target Swap.
[  OK  ] Stopped Initial cloud-init job (metadata service crawler).
         Stopping Raise network interfaces...
         Stopping Load/Save Random Seed...
[  OK  ] Stopped Load/Save Random Seed.
[  OK  ] Stopped Update UTMP about System Boot/Shutdown.
[  OK  ] Stopped Create Volatile Files and Directories.
[  OK  ] Stopped Raise network interfaces.
[  OK  ] Stopped target Network (Pre).
[  OK  ] Stopped Initial cloud-init job (pre-networking).
[  OK  ] Stopped Apply Kernel Variables.
[  OK  ] Stopped Load Kernel Modules.
[  OK  ] Stopped target Local File Systems.
         Unmounting /run/docker/netns/7c72bce86ffd...
         Unmounting /var/lib/docker/overlay2...248b106d910594f21530e0/merged...
         Unmounting /run/user/1000...
         Unmounting /var/lib/docker/containe...2f157833219c07aa93/mounts/shm...
[  OK  ] Unmounted /run/docker/netns/7c72bce86ffd.
[  OK  ] Unmounted /var/lib/docker/overlay2/...48248b106d910594f21530e0/merged.
[  OK  ] Unmounted /run/user/1000.
[  OK  ] Unmounted /var/lib/docker/container...e02f157833219c07aa93/mounts/shm.
[  OK  ] Reached target Unmount All Filesystems.
[  OK  ] Stopped target Local File Systems (Pre).
[  OK  ] Stopped Create Static Device Nodes in /dev.
[  OK  ] Stopped Remount Root and Kernel File Systems.
[  OK  ] Reached target Shutdown.
[ 7292.266468] reboot: Power down
